<?xml version="1.0" encoding="UTF-8"?>
<!-- Generated by org.testng.reporters.JUnitReportReporter -->
<testsuite hostname="Srinivas" name="com.docker.testCases.GoogleSearchTest" tests="2" failures="0" timestamp="13 Dec 2021 09:39:18 GMT" time="8.719" errors="0">
  <testcase name="searchPageTest" time="4.902" classname="com.docker.testCases.GoogleSearchTest"/>
  <testcase name="searchPageTest" time="3.817" classname="com.docker.testCases.GoogleSearchTest"/>
</testsuite> <!-- com.docker.testCases.GoogleSearchTest -->
